<?xml version="1.0" encoding="UTF-8"?>
<!-- Generated by org.testng.reporters.JUnitReportReporter -->
<testsuite skipped="0" hostname="Lenovo-PC" name="HttpClientAPIs.POSTUserAPI" tests="1" failures="0" timestamp="18 Dec 2020 01:19:23 GMT" time="1.726" errors="0">
  <testcase name="createUserAPITest" time="1.726" classname="HttpClientAPIs.POSTUserAPI"/>
</testsuite> <!-- HttpClientAPIs.POSTUserAPI -->
