<?xml version="1.0" encoding="UTF-8"?>
<!-- Generated by org.testng.reporters.JUnitReportReporter -->
<testsuite skipped="0" hostname="Lenovo-PC" name="HttpClientAPIs.GETUserAPI" tests="1" failures="0" timestamp="17 Dec 2020 21:58:01 GMT" time="1.550" errors="0">
  <testcase name="getUserTest" time="1.550" classname="HttpClientAPIs.GETUserAPI"/>
</testsuite> <!-- HttpClientAPIs.GETUserAPI -->
