<?xml version="1.0" encoding="UTF-8"?>
<!-- Generated by org.testng.reporters.JUnitReportReporter -->
<testsuite skipped="0" hostname="Lenovo-PC" name="com.rest.api.authentications.AuthApis" tests="1" failures="0" timestamp="05 Dec 2020 17:16:08 GMT" time="3.342" errors="0">
  <testcase name="form_auth_API_Test" time="3.342" classname="com.rest.api.authentications.AuthApis"/>
</testsuite> <!-- com.rest.api.authentications.AuthApis -->
