<?xml version="1.0" encoding="UTF-8"?>
<!-- Generated by org.testng.reporters.JUnitReportReporter -->
<testsuite skipped="0" hostname="Lenovo-PC" name="com.rest.api.get.ToValidateResponseBody" tests="1" failures="0" timestamp="09 Dec 2020 18:18:12 GMT" time="4.765" errors="0">
  <testcase name="getGorestMessageBody" time="4.765" classname="com.rest.api.get.ToValidateResponseBody"/>
</testsuite> <!-- com.rest.api.get.ToValidateResponseBody -->
