<?xml version="1.0" encoding="UTF-8"?>
<!-- Generated by org.testng.reporters.JUnitReportReporter -->
<testsuite skipped="0" hostname="Lenovo-PC" name="com.rest.api.post.POSTAPIBDD" tests="1" failures="0" timestamp="04 Dec 2020 02:20:41 GMT" time="4.064" errors="0">
  <testcase name="createUser_Post_API_FileTest" time="4.064" classname="com.rest.api.post.POSTAPIBDD"/>
</testsuite> <!-- com.rest.api.post.POSTAPIBDD -->
