<?xml version="1.0" encoding="UTF-8"?>
<!-- Generated by org.testng.reporters.JUnitReportReporter -->
<testsuite skipped="0" hostname="Lenovo-PC" name="com.rest.api.delete.DeleteAPITest" tests="1" failures="0" timestamp="05 Dec 2020 04:19:14 GMT" time="6.709" errors="0">
  <testcase name="delete_user_API_Test" time="6.709" classname="com.rest.api.delete.DeleteAPITest"/>
</testsuite> <!-- com.rest.api.delete.DeleteAPITest -->
