<?xml version="1.0" encoding="UTF-8"?>
<!-- Generated by org.testng.reporters.JUnitReportReporter -->
<testsuite skipped="0" hostname="Lenovo-PC" name="com.rest.api.put.PUTAPITest" tests="1" failures="0" timestamp="05 Dec 2020 00:27:17 GMT" time="7.560" errors="0">
  <testcase name="update_User_PUT_API_Test" time="7.560" classname="com.rest.api.put.PUTAPITest"/>
</testsuite> <!-- com.rest.api.put.PUTAPITest -->
