<?xml version="1.0" encoding="UTF-8"?>
<!-- Generated by org.testng.reporters.JUnitReportReporter -->
<testsuite skipped="7" hostname="Lenovo-PC" name="rough.PracticingRestFul_Booker" tests="9" failures="0" timestamp="22 Jan 2021 00:03:03 GMT" time="3.226" errors="0">
  <testcase name="createTokenWithPojo" time="3.049" classname="rough.PracticingRestFul_Booker"/>
  <testcase name="healthCheck" time="0.177" classname="rough.PracticingRestFul_Booker"/>
  <testcase name="partialUpdateBooking" classname="rough.PracticingRestFul_Booker">
    <skipped/>
  </testcase> <!-- partialUpdateBooking -->
  <testcase name="getBookingReturns200" classname="rough.PracticingRestFul_Booker">
    <skipped/>
  </testcase> <!-- getBookingReturns200 -->
  <testcase name="createBookingReturns200" classname="rough.PracticingRestFul_Booker">
    <skipped/>
  </testcase> <!-- createBookingReturns200 -->
  <testcase name="getBookingWithIncorrectReturns418" classname="rough.PracticingRestFul_Booker">
    <skipped/>
  </testcase> <!-- getBookingWithIncorrectReturns418 -->
  <testcase name="deleteBookingReturns201and404AfterRecheck" classname="rough.PracticingRestFul_Booker">
    <skipped/>
  </testcase> <!-- deleteBookingReturns201and404AfterRecheck -->
  <testcase name="getBookingIds" classname="rough.PracticingRestFul_Booker">
    <skipped/>
  </testcase> <!-- getBookingIds -->
  <testcase name="updateBookingReturns200" classname="rough.PracticingRestFul_Booker">
    <skipped/>
  </testcase> <!-- updateBookingReturns200 -->
</testsuite> <!-- rough.PracticingRestFul_Booker -->
