<?xml version="1.0" encoding="UTF-8"?>
<!-- Generated by org.testng.reporters.JUnitReportReporter -->
<testsuite skipped="0" hostname="Lenovo-PC" name="com.rest.api.get.ToValidateResponseStatus" tests="1" failures="0" timestamp="09 Dec 2020 17:25:43 GMT" time="3.340" errors="0">
  <testcase name="getGorestUsera" time="3.340" classname="com.rest.api.get.ToValidateResponseStatus"/>
</testsuite> <!-- com.rest.api.get.ToValidateResponseStatus -->
