<?xml version="1.0" encoding="UTF-8"?>
<!-- Generated by org.testng.reporters.JUnitReportReporter -->
<testsuite skipped="0" hostname="Lenovo-PC" name="com.rest.api.get.ToValidateResponseHeaders" tests="1" failures="0" timestamp="09 Dec 2020 16:44:13 GMT" time="2.762" errors="0">
  <testcase name="getGorestHeaders" time="2.762" classname="com.rest.api.get.ToValidateResponseHeaders"/>
</testsuite> <!-- com.rest.api.get.ToValidateResponseHeaders -->
