<?xml version="1.0" encoding="UTF-8"?>
<!-- Generated by org.testng.reporters.JUnitReportReporter -->
<testsuite skipped="0" hostname="Lenovo-PC" name="com.rest.api.get.GETBDDAPI" tests="1" failures="0" timestamp="07 Dec 2020 15:02:17 GMT" time="4.372" errors="0">
  <testcase name="getUserResponseXml_Test" time="4.372" classname="com.rest.api.get.GETBDDAPI"/>
</testsuite> <!-- com.rest.api.get.GETBDDAPI -->
