<?xml version="1.0" encoding="UTF-8"?>
<!-- Generated by org.testng.reporters.JUnitReportReporter -->
<testsuite skipped="0" hostname="Lenovo-PC" name="com.rest.api.post.POSTAPIWithPOJO" tests="1" failures="0" timestamp="04 Dec 2020 18:24:33 GMT" time="5.030" errors="0">
  <testcase name="createUser_With_Pojo_Test" time="5.030" classname="com.rest.api.post.POSTAPIWithPOJO"/>
</testsuite> <!-- com.rest.api.post.POSTAPIWithPOJO -->
