<?xml version="1.0" encoding="UTF-8"?>
<!-- Generated by org.testng.reporters.JUnitReportReporter -->
<testsuite skipped="0" hostname="Lenovo-PC" name="com.rest.api.get.GETNONBDDAPI" tests="1" failures="0" timestamp="20 Dec 2020 02:00:09 GMT" time="2.950" errors="0">
  <testcase name="getUser_Non_Bdd_Test" time="2.950" classname="com.rest.api.get.GETNONBDDAPI"/>
</testsuite> <!-- com.rest.api.get.GETNONBDDAPI -->
