<?xml version="1.0" encoding="UTF-8"?>
<!-- Generated by org.testng.reporters.JUnitReportReporter -->
<testsuite skipped="0" hostname="Lenovo-PC" name="com.rest.api.authentications.OAuth1APITest" tests="1" failures="0" timestamp="03 Dec 2020 20:23:26 GMT" time="2.048" errors="0">
  <testcase name="TwitterStatusAPI_OAuth1_Test" time="2.048" classname="com.rest.api.authentications.OAuth1APITest"/>
</testsuite> <!-- com.rest.api.authentications.OAuth1APITest -->
