<?xml version="1.0" encoding="UTF-8"?>
<!-- Generated by org.testng.reporters.JUnitReportReporter -->
<testsuite skipped="0" hostname="Lenovo-PC" name="com.rest.api.authentications.Oauth2APITest" tests="1" failures="0" timestamp="03 Dec 2020 19:11:05 GMT" time="2.809" errors="0">
  <testcase name="getAuth2TokenAPITest" time="2.809" classname="com.rest.api.authentications.Oauth2APITest"/>
</testsuite> <!-- com.rest.api.authentications.Oauth2APITest -->
