<?xml version="1.0" encoding="UTF-8"?>
<!-- Generated by org.testng.reporters.JUnitReportReporter -->
<testsuite skipped="2" hostname="Lenovo-PC" name="TestNGSessions.LoginTest" tests="3" failures="0" timestamp="18 Aug 2020 20:56:50 GMT" time="9.808" errors="0">
  <testcase name="signUpLink" time="9.808" classname="TestNGSessions.LoginTest"/>
  <testcase name="loginTest" classname="TestNGSessions.LoginTest">
    <skipped/>
  </testcase> <!-- loginTest -->
  <testcase name="pageTitleTest" classname="TestNGSessions.LoginTest">
    <skipped/>
  </testcase> <!-- pageTitleTest -->
</testsuite> <!-- TestNGSessions.LoginTest -->
