<?xml version="1.0" encoding="UTF-8"?>
<!-- Generated by org.testng.reporters.JUnitReportReporter -->
<testsuite skipped="0" hostname="Lenovo-PC" name="TestNGSessions.GroupDependency" tests="4" failures="0" timestamp="11 Dec 2020 19:35:16 GMT" time="0.012" errors="0">
  <testcase name="OpenBrowser" time="0.007" classname="TestNGSessions.GroupDependency"/>
  <testcase name="CloseAccount" time="0.001" classname="TestNGSessions.GroupDependency"/>
  <testcase name="LogIn" time="0.003" classname="TestNGSessions.GroupDependency"/>
  <testcase name="ViewAcc" time="0.001" classname="TestNGSessions.GroupDependency"/>
</testsuite> <!-- TestNGSessions.GroupDependency -->
