<?xml version="1.0" encoding="UTF-8"?>
<!-- Generated by org.testng.reporters.JUnitReportReporter -->
<testsuite skipped="0" hostname="Lenovo-PC" name="ngwebdriver.poc.CalTest" tests="3" failures="0" timestamp="13 Aug 2020 21:03:22 GMT" time="6.774" errors="0">
  <testcase name="sumTest" time="2.380" classname="ngwebdriver.poc.CalTest"/>
  <testcase name="subTest" time="2.186" classname="ngwebdriver.poc.CalTest"/>
  <testcase name="divTest" time="2.208" classname="ngwebdriver.poc.CalTest"/>
</testsuite> <!-- ngwebdriver.poc.CalTest -->
