<?xml version="1.0" encoding="UTF-8"?>
<!-- Generated by org.testng.reporters.JUnitReportReporter -->
<testsuite skipped="0" hostname="Lenovo-PC" name="TestNGSessions.TestNGOrderCheck" tests="1" failures="0" timestamp="15 Aug 2020 00:30:54 GMT" time="0.004" errors="0">
  <testcase name="Test" time="0.004" classname="TestNGSessions.TestNGOrderCheck"/>
</testsuite> <!-- TestNGSessions.TestNGOrderCheck -->
