<?xml version="1.0" encoding="UTF-8"?>
<!-- Generated by org.testng.reporters.JUnitReportReporter -->
<testsuite skipped="0" hostname="Lenovo-PC" name="TestNGSessions.ExpectedExceptionConcept" tests="1" failures="0" timestamp="11 Dec 2020 18:16:30 GMT" time="0.009" errors="0">
  <testcase name="loginTest" time="0.009" classname="TestNGSessions.ExpectedExceptionConcept"/>
</testsuite> <!-- TestNGSessions.ExpectedExceptionConcept -->
