<?xml version="1.0" encoding="UTF-8"?>
<!-- Generated by org.testng.reporters.JUnitReportReporter -->
<testsuite skipped="0" hostname="Lenovo-PC" name="TestNGSessions.InvocationCountConcept" tests="9" failures="0" timestamp="19 Aug 2020 02:29:38 GMT" time="0.015" errors="0">
  <testcase name="createUser" time="0.003" classname="TestNGSessions.InvocationCountConcept"/>
  <testcase name="createUser" time="0.002" classname="TestNGSessions.InvocationCountConcept"/>
  <testcase name="createUser" time="0.001" classname="TestNGSessions.InvocationCountConcept"/>
  <testcase name="createUser" time="0.002" classname="TestNGSessions.InvocationCountConcept"/>
  <testcase name="createUser" time="0.002" classname="TestNGSessions.InvocationCountConcept"/>
  <testcase name="createUser" time="0.001" classname="TestNGSessions.InvocationCountConcept"/>
  <testcase name="createUser" time="0.001" classname="TestNGSessions.InvocationCountConcept"/>
  <testcase name="createUser" time="0.001" classname="TestNGSessions.InvocationCountConcept"/>
  <testcase name="createUser" time="0.002" classname="TestNGSessions.InvocationCountConcept"/>
</testsuite> <!-- TestNGSessions.InvocationCountConcept -->
