<?xml version="1.0" encoding="UTF-8"?>
<!-- Generated by org.testng.reporters.JUnitReportReporter -->
<testsuite skipped="0" hostname="Lenovo-PC" name="selenium.grid.TestFFOnGrid" tests="1" failures="0" timestamp="22 Oct 2020 20:22:49 GMT" time="15.045" errors="0">
  <testcase name="getTitle" time="15.045" classname="selenium.grid.TestFFOnGrid"/>
</testsuite> <!-- selenium.grid.TestFFOnGrid -->
