<?xml version="1.0" encoding="UTF-8"?>
<!-- Generated by org.testng.reporters.JUnitReportReporter -->
<testsuite skipped="0" hostname="Lenovo-PC" name="com.qa.hubspot.tests.HomePageTest" tests="5" failures="0" timestamp="26 Aug 2020 16:51:09 GMT" time="16.099" errors="0">
  <testcase name="verifyHomePageTitleTest" time="12.289" classname="com.qa.hubspot.tests.HomePageTest"/>
  <testcase name="verifyHomePageHeaderTest" time="0.777" classname="com.qa.hubspot.tests.HomePageTest"/>
  <testcase name="verifyLoggedInUserTest" time="2.397" classname="com.qa.hubspot.tests.HomePageTest"/>
  <testcase name="verifyHeaderContents" time="0.280" classname="com.qa.hubspot.tests.HomePageTest"/>
  <testcase name="verifyLinksUnderContacts" time="0.356" classname="com.qa.hubspot.tests.HomePageTest"/>
</testsuite> <!-- com.qa.hubspot.tests.HomePageTest -->
